[2024-11-23T01:55:07.242+0000] {local_task_job_runner.py:120} INFO - ::group::Pre task execution logs
[2024-11-23T01:55:07.532+0000] {taskinstance.py:2076} INFO - Dependencies all met for dep_context=non-requeueable deps ti=<TaskInstance: stock_price_prediction.fetch_data_KHS manual__2024-11-23T01:52:07.286051+00:00 [queued]>
[2024-11-23T01:55:07.711+0000] {taskinstance.py:2076} INFO - Dependencies all met for dep_context=requeueable deps ti=<TaskInstance: stock_price_prediction.fetch_data_KHS manual__2024-11-23T01:52:07.286051+00:00 [queued]>
[2024-11-23T01:55:07.714+0000] {taskinstance.py:2306} INFO - Starting attempt 1 of 2
[2024-11-23T01:55:07.795+0000] {taskinstance.py:2330} INFO - Executing <Task(PythonOperator): fetch_data_KHS> on 2024-11-23 01:52:07.286051+00:00
[2024-11-23T01:55:07.829+0000] {logging_mixin.py:188} WARNING - /home/***/.local/lib/python3.12/site-packages/***/task/task_runner/standard_task_runner.py:61 DeprecationWarning: This process (pid=2958) is multi-threaded, use of fork() may lead to deadlocks in the child.
[2024-11-23T01:55:07.836+0000] {standard_task_runner.py:63} INFO - Started process 2963 to run task
[2024-11-23T01:55:07.841+0000] {standard_task_runner.py:90} INFO - Running: ['***', 'tasks', 'run', 'stock_price_prediction', 'fetch_data_KHS', 'manual__2024-11-23T01:52:07.286051+00:00', '--job-id', '362', '--raw', '--subdir', 'DAGS_FOLDER/stock_price_prediction_dag.py', '--cfg-path', '/tmp/tmp7sutp6nc']
[2024-11-23T01:55:07.854+0000] {standard_task_runner.py:91} INFO - Job 362: Subtask fetch_data_KHS
[2024-11-23T01:55:08.079+0000] {task_command.py:426} INFO - Running <TaskInstance: stock_price_prediction.fetch_data_KHS manual__2024-11-23T01:52:07.286051+00:00 [running]> on host ad983beda88b
[2024-11-23T01:55:08.482+0000] {taskinstance.py:2648} INFO - Exporting env vars: AIRFLOW_CTX_DAG_OWNER='***' AIRFLOW_CTX_DAG_ID='stock_price_prediction' AIRFLOW_CTX_TASK_ID='fetch_data_KHS' AIRFLOW_CTX_EXECUTION_DATE='2024-11-23T01:52:07.286051+00:00' AIRFLOW_CTX_TRY_NUMBER='1' AIRFLOW_CTX_DAG_RUN_ID='manual__2024-11-23T01:52:07.286051+00:00'
[2024-11-23T01:55:08.491+0000] {taskinstance.py:430} INFO - ::endgroup::
[2024-11-23T01:55:12.947+0000] {logging_mixin.py:188} WARNING - /home/***/.local/lib/python3.12/site-packages/vnstock/__init__.py:18 UserWarning: Vui lòng chuyển đổi sang Vnstock3 thế hệ mới (3.1.0) với câu lệnh: `pip install vnstock3 --upgrade`.
Từ 1/1/2025, vnstock3 sẽ được cài đặt khi sử dụng cú pháp `pip install vnstock` thay cho Vnstock Legacy hiện tại.
Xem chi tiết [chuyển đổi sang vnstock3](https://vnstocks.com/docs/tai-lieu/migration-chuyen-doi-sang-vnstock3).
Phiên bản Vnstock Legacy (0.2.9.2.3) bạn đang sử dụng sẽ không được nâng cấp thêm.
Từ 7/10/2024 Vnstock giới thiệu nhóm Facebook Cộng đồng Vnstock, tham gia thảo luận tại đây: https://www.facebook.com/groups/vnstock.official
[2024-11-23T01:55:12.954+0000] {fetch_data.py:10} INFO - Directory data/raw created or already exists.
[2024-11-23T01:55:13.268+0000] {python.py:237} INFO - Done. Returned value was: None
[2024-11-23T01:55:13.270+0000] {taskinstance.py:441} INFO - ::group::Post task execution logs
[2024-11-23T01:55:13.299+0000] {taskinstance.py:1206} INFO - Marking task as SUCCESS. dag_id=stock_price_prediction, task_id=fetch_data_KHS, run_id=manual__2024-11-23T01:52:07.286051+00:00, execution_date=20241123T015207, start_date=20241123T015507, end_date=20241123T015513
[2024-11-23T01:55:14.446+0000] {local_task_job_runner.py:240} INFO - Task exited with return code 0
[2024-11-23T01:55:14.490+0000] {local_task_job_runner.py:222} INFO - ::endgroup::
