[2024-11-22T14:48:33.512+0000] {processor.py:161} INFO - Started process (PID=277) to work on /opt/airflow/dags/stock_price_prediction_dag.py
[2024-11-22T14:48:33.513+0000] {processor.py:830} INFO - Processing file /opt/airflow/dags/stock_price_prediction_dag.py for tasks to queue
[2024-11-22T14:48:33.516+0000] {logging_mixin.py:188} INFO - [2024-11-22T14:48:33.515+0000] {dagbag.py:545} INFO - Filling up the DagBag from /opt/airflow/dags/stock_price_prediction_dag.py
[2024-11-22T14:48:33.553+0000] {processor.py:840} INFO - DAG(s) 'stock_price_prediction' retrieved from /opt/airflow/dags/stock_price_prediction_dag.py
[2024-11-22T14:48:33.885+0000] {logging_mixin.py:188} INFO - [2024-11-22T14:48:33.884+0000] {override.py:1829} INFO - Created Permission View: can edit on DAG:stock_price_prediction
[2024-11-22T14:48:33.920+0000] {logging_mixin.py:188} INFO - [2024-11-22T14:48:33.919+0000] {override.py:1829} INFO - Created Permission View: can read on DAG:stock_price_prediction
[2024-11-22T14:48:33.948+0000] {logging_mixin.py:188} INFO - [2024-11-22T14:48:33.947+0000] {override.py:1829} INFO - Created Permission View: can delete on DAG:stock_price_prediction
[2024-11-22T14:48:33.948+0000] {logging_mixin.py:188} INFO - [2024-11-22T14:48:33.948+0000] {dag.py:3096} INFO - Sync 1 DAGs
[2024-11-22T14:48:33.965+0000] {logging_mixin.py:188} INFO - [2024-11-22T14:48:33.965+0000] {dag.py:3118} INFO - Creating ORM DAG for stock_price_prediction
[2024-11-22T14:48:33.979+0000] {logging_mixin.py:188} INFO - [2024-11-22T14:48:33.979+0000] {dag.py:3954} INFO - Setting next_dagrun for stock_price_prediction to 2024-11-21 00:00:00+00:00, run_after=2024-11-22 00:00:00+00:00
[2024-11-22T14:48:34.019+0000] {processor.py:183} INFO - Processing /opt/airflow/dags/stock_price_prediction_dag.py took 0.512 seconds
[2024-11-22T14:49:04.197+0000] {processor.py:161} INFO - Started process (PID=289) to work on /opt/airflow/dags/stock_price_prediction_dag.py
[2024-11-22T14:49:04.199+0000] {processor.py:830} INFO - Processing file /opt/airflow/dags/stock_price_prediction_dag.py for tasks to queue
[2024-11-22T14:49:04.206+0000] {logging_mixin.py:188} INFO - [2024-11-22T14:49:04.205+0000] {dagbag.py:545} INFO - Filling up the DagBag from /opt/airflow/dags/stock_price_prediction_dag.py
[2024-11-22T14:49:04.238+0000] {processor.py:840} INFO - DAG(s) 'stock_price_prediction' retrieved from /opt/airflow/dags/stock_price_prediction_dag.py
[2024-11-22T14:49:04.269+0000] {logging_mixin.py:188} INFO - [2024-11-22T14:49:04.269+0000] {dag.py:3096} INFO - Sync 1 DAGs
[2024-11-22T14:49:04.295+0000] {logging_mixin.py:188} INFO - [2024-11-22T14:49:04.294+0000] {dag.py:3954} INFO - Setting next_dagrun for stock_price_prediction to 2024-11-21 00:00:00+00:00, run_after=2024-11-22 00:00:00+00:00
[2024-11-22T14:49:04.325+0000] {processor.py:183} INFO - Processing /opt/airflow/dags/stock_price_prediction_dag.py took 0.136 seconds
[2024-11-22T14:49:34.505+0000] {processor.py:161} INFO - Started process (PID=304) to work on /opt/airflow/dags/stock_price_prediction_dag.py
[2024-11-22T14:49:34.507+0000] {processor.py:830} INFO - Processing file /opt/airflow/dags/stock_price_prediction_dag.py for tasks to queue
[2024-11-22T14:49:34.515+0000] {logging_mixin.py:188} INFO - [2024-11-22T14:49:34.512+0000] {dagbag.py:545} INFO - Filling up the DagBag from /opt/airflow/dags/stock_price_prediction_dag.py
[2024-11-22T14:49:34.544+0000] {processor.py:840} INFO - DAG(s) 'stock_price_prediction' retrieved from /opt/airflow/dags/stock_price_prediction_dag.py
[2024-11-22T14:49:34.582+0000] {logging_mixin.py:188} INFO - [2024-11-22T14:49:34.582+0000] {dag.py:3096} INFO - Sync 1 DAGs
[2024-11-22T14:49:34.619+0000] {logging_mixin.py:188} INFO - [2024-11-22T14:49:34.619+0000] {dag.py:3954} INFO - Setting next_dagrun for stock_price_prediction to 2024-11-22 00:00:00+00:00, run_after=2024-11-23 00:00:00+00:00
[2024-11-22T14:49:34.641+0000] {processor.py:183} INFO - Processing /opt/airflow/dags/stock_price_prediction_dag.py took 0.149 seconds
[2024-11-22T14:50:04.805+0000] {processor.py:161} INFO - Started process (PID=316) to work on /opt/airflow/dags/stock_price_prediction_dag.py
[2024-11-22T14:50:04.806+0000] {processor.py:830} INFO - Processing file /opt/airflow/dags/stock_price_prediction_dag.py for tasks to queue
[2024-11-22T14:50:04.808+0000] {logging_mixin.py:188} INFO - [2024-11-22T14:50:04.808+0000] {dagbag.py:545} INFO - Filling up the DagBag from /opt/airflow/dags/stock_price_prediction_dag.py
[2024-11-22T14:50:04.832+0000] {processor.py:840} INFO - DAG(s) 'stock_price_prediction' retrieved from /opt/airflow/dags/stock_price_prediction_dag.py
[2024-11-22T14:50:04.866+0000] {logging_mixin.py:188} INFO - [2024-11-22T14:50:04.866+0000] {dag.py:3096} INFO - Sync 1 DAGs
[2024-11-22T14:50:04.903+0000] {logging_mixin.py:188} INFO - [2024-11-22T14:50:04.902+0000] {dag.py:3954} INFO - Setting next_dagrun for stock_price_prediction to 2024-11-22 00:00:00+00:00, run_after=2024-11-23 00:00:00+00:00
[2024-11-22T14:50:04.922+0000] {processor.py:183} INFO - Processing /opt/airflow/dags/stock_price_prediction_dag.py took 0.123 seconds
[2024-11-22T14:50:34.962+0000] {processor.py:161} INFO - Started process (PID=330) to work on /opt/airflow/dags/stock_price_prediction_dag.py
[2024-11-22T14:50:34.963+0000] {processor.py:830} INFO - Processing file /opt/airflow/dags/stock_price_prediction_dag.py for tasks to queue
[2024-11-22T14:50:34.965+0000] {logging_mixin.py:188} INFO - [2024-11-22T14:50:34.964+0000] {dagbag.py:545} INFO - Filling up the DagBag from /opt/airflow/dags/stock_price_prediction_dag.py
[2024-11-22T14:50:34.989+0000] {processor.py:840} INFO - DAG(s) 'stock_price_prediction' retrieved from /opt/airflow/dags/stock_price_prediction_dag.py
[2024-11-22T14:50:35.027+0000] {logging_mixin.py:188} INFO - [2024-11-22T14:50:35.027+0000] {dag.py:3096} INFO - Sync 1 DAGs
[2024-11-22T14:50:35.054+0000] {logging_mixin.py:188} INFO - [2024-11-22T14:50:35.054+0000] {dag.py:3954} INFO - Setting next_dagrun for stock_price_prediction to 2024-11-22 00:00:00+00:00, run_after=2024-11-23 00:00:00+00:00
[2024-11-22T14:50:35.075+0000] {processor.py:183} INFO - Processing /opt/airflow/dags/stock_price_prediction_dag.py took 0.119 seconds
[2024-11-22T14:51:05.244+0000] {processor.py:161} INFO - Started process (PID=342) to work on /opt/airflow/dags/stock_price_prediction_dag.py
[2024-11-22T14:51:05.247+0000] {processor.py:830} INFO - Processing file /opt/airflow/dags/stock_price_prediction_dag.py for tasks to queue
[2024-11-22T14:51:05.260+0000] {logging_mixin.py:188} INFO - [2024-11-22T14:51:05.260+0000] {dagbag.py:545} INFO - Filling up the DagBag from /opt/airflow/dags/stock_price_prediction_dag.py
[2024-11-22T14:51:05.288+0000] {processor.py:840} INFO - DAG(s) 'stock_price_prediction' retrieved from /opt/airflow/dags/stock_price_prediction_dag.py
[2024-11-22T14:51:05.316+0000] {logging_mixin.py:188} INFO - [2024-11-22T14:51:05.316+0000] {dag.py:3096} INFO - Sync 1 DAGs
[2024-11-22T14:51:05.340+0000] {logging_mixin.py:188} INFO - [2024-11-22T14:51:05.340+0000] {dag.py:3954} INFO - Setting next_dagrun for stock_price_prediction to 2024-11-21 00:00:00+00:00, run_after=2024-11-22 00:00:00+00:00
[2024-11-22T14:51:05.361+0000] {processor.py:183} INFO - Processing /opt/airflow/dags/stock_price_prediction_dag.py took 0.147 seconds
[2024-11-22T14:51:35.515+0000] {processor.py:161} INFO - Started process (PID=354) to work on /opt/airflow/dags/stock_price_prediction_dag.py
[2024-11-22T14:51:35.516+0000] {processor.py:830} INFO - Processing file /opt/airflow/dags/stock_price_prediction_dag.py for tasks to queue
[2024-11-22T14:51:35.518+0000] {logging_mixin.py:188} INFO - [2024-11-22T14:51:35.518+0000] {dagbag.py:545} INFO - Filling up the DagBag from /opt/airflow/dags/stock_price_prediction_dag.py
[2024-11-22T14:51:35.544+0000] {processor.py:840} INFO - DAG(s) 'stock_price_prediction' retrieved from /opt/airflow/dags/stock_price_prediction_dag.py
[2024-11-22T14:51:35.602+0000] {logging_mixin.py:188} INFO - [2024-11-22T14:51:35.602+0000] {dag.py:3096} INFO - Sync 1 DAGs
[2024-11-22T14:51:35.626+0000] {logging_mixin.py:188} INFO - [2024-11-22T14:51:35.626+0000] {dag.py:3954} INFO - Setting next_dagrun for stock_price_prediction to 2024-11-21 00:00:00+00:00, run_after=2024-11-22 00:00:00+00:00
[2024-11-22T14:51:35.647+0000] {processor.py:183} INFO - Processing /opt/airflow/dags/stock_price_prediction_dag.py took 0.139 seconds
[2024-11-22T14:52:05.689+0000] {processor.py:161} INFO - Started process (PID=366) to work on /opt/airflow/dags/stock_price_prediction_dag.py
[2024-11-22T14:52:05.690+0000] {processor.py:830} INFO - Processing file /opt/airflow/dags/stock_price_prediction_dag.py for tasks to queue
[2024-11-22T14:52:05.691+0000] {logging_mixin.py:188} INFO - [2024-11-22T14:52:05.691+0000] {dagbag.py:545} INFO - Filling up the DagBag from /opt/airflow/dags/stock_price_prediction_dag.py
[2024-11-22T14:52:05.717+0000] {processor.py:840} INFO - DAG(s) 'stock_price_prediction' retrieved from /opt/airflow/dags/stock_price_prediction_dag.py
[2024-11-22T14:52:05.745+0000] {logging_mixin.py:188} INFO - [2024-11-22T14:52:05.745+0000] {dag.py:3096} INFO - Sync 1 DAGs
[2024-11-22T14:52:05.769+0000] {logging_mixin.py:188} INFO - [2024-11-22T14:52:05.769+0000] {dag.py:3954} INFO - Setting next_dagrun for stock_price_prediction to 2024-11-21 00:00:00+00:00, run_after=2024-11-22 00:00:00+00:00
[2024-11-22T14:52:05.790+0000] {processor.py:183} INFO - Processing /opt/airflow/dags/stock_price_prediction_dag.py took 0.106 seconds
[2024-11-22T14:52:35.990+0000] {processor.py:161} INFO - Started process (PID=385) to work on /opt/airflow/dags/stock_price_prediction_dag.py
[2024-11-22T14:52:35.990+0000] {processor.py:830} INFO - Processing file /opt/airflow/dags/stock_price_prediction_dag.py for tasks to queue
[2024-11-22T14:52:35.992+0000] {logging_mixin.py:188} INFO - [2024-11-22T14:52:35.992+0000] {dagbag.py:545} INFO - Filling up the DagBag from /opt/airflow/dags/stock_price_prediction_dag.py
[2024-11-22T14:52:36.017+0000] {processor.py:840} INFO - DAG(s) 'stock_price_prediction' retrieved from /opt/airflow/dags/stock_price_prediction_dag.py
[2024-11-22T14:52:36.045+0000] {logging_mixin.py:188} INFO - [2024-11-22T14:52:36.045+0000] {dag.py:3096} INFO - Sync 1 DAGs
[2024-11-22T14:52:36.070+0000] {logging_mixin.py:188} INFO - [2024-11-22T14:52:36.070+0000] {dag.py:3954} INFO - Setting next_dagrun for stock_price_prediction to 2024-11-21 00:00:00+00:00, run_after=2024-11-22 00:00:00+00:00
[2024-11-22T14:52:36.090+0000] {processor.py:183} INFO - Processing /opt/airflow/dags/stock_price_prediction_dag.py took 0.106 seconds
[2024-11-22T14:53:06.153+0000] {processor.py:161} INFO - Started process (PID=397) to work on /opt/airflow/dags/stock_price_prediction_dag.py
[2024-11-22T14:53:06.154+0000] {processor.py:830} INFO - Processing file /opt/airflow/dags/stock_price_prediction_dag.py for tasks to queue
[2024-11-22T14:53:06.156+0000] {logging_mixin.py:188} INFO - [2024-11-22T14:53:06.155+0000] {dagbag.py:545} INFO - Filling up the DagBag from /opt/airflow/dags/stock_price_prediction_dag.py
[2024-11-22T14:53:06.179+0000] {processor.py:840} INFO - DAG(s) 'stock_price_prediction' retrieved from /opt/airflow/dags/stock_price_prediction_dag.py
[2024-11-22T14:53:06.206+0000] {logging_mixin.py:188} INFO - [2024-11-22T14:53:06.206+0000] {dag.py:3096} INFO - Sync 1 DAGs
[2024-11-22T14:53:06.229+0000] {logging_mixin.py:188} INFO - [2024-11-22T14:53:06.228+0000] {dag.py:3954} INFO - Setting next_dagrun for stock_price_prediction to 2024-11-21 00:00:00+00:00, run_after=2024-11-22 00:00:00+00:00
[2024-11-22T14:53:06.247+0000] {processor.py:183} INFO - Processing /opt/airflow/dags/stock_price_prediction_dag.py took 0.100 seconds
[2024-11-22T14:53:36.432+0000] {processor.py:161} INFO - Started process (PID=409) to work on /opt/airflow/dags/stock_price_prediction_dag.py
[2024-11-22T14:53:36.433+0000] {processor.py:830} INFO - Processing file /opt/airflow/dags/stock_price_prediction_dag.py for tasks to queue
[2024-11-22T14:53:36.436+0000] {logging_mixin.py:188} INFO - [2024-11-22T14:53:36.435+0000] {dagbag.py:545} INFO - Filling up the DagBag from /opt/airflow/dags/stock_price_prediction_dag.py
[2024-11-22T14:53:36.462+0000] {processor.py:840} INFO - DAG(s) 'stock_price_prediction' retrieved from /opt/airflow/dags/stock_price_prediction_dag.py
[2024-11-22T14:53:36.491+0000] {logging_mixin.py:188} INFO - [2024-11-22T14:53:36.491+0000] {dag.py:3096} INFO - Sync 1 DAGs
[2024-11-22T14:53:36.515+0000] {logging_mixin.py:188} INFO - [2024-11-22T14:53:36.515+0000] {dag.py:3954} INFO - Setting next_dagrun for stock_price_prediction to 2024-11-21 00:00:00+00:00, run_after=2024-11-22 00:00:00+00:00
[2024-11-22T14:53:36.534+0000] {processor.py:183} INFO - Processing /opt/airflow/dags/stock_price_prediction_dag.py took 0.109 seconds
[2024-11-22T15:48:33.288+0000] {processor.py:161} INFO - Started process (PID=192) to work on /opt/airflow/dags/stock_price_prediction_dag.py
[2024-11-22T15:48:33.290+0000] {processor.py:830} INFO - Processing file /opt/airflow/dags/stock_price_prediction_dag.py for tasks to queue
[2024-11-22T15:48:33.291+0000] {logging_mixin.py:188} INFO - [2024-11-22T15:48:33.291+0000] {dagbag.py:545} INFO - Filling up the DagBag from /opt/airflow/dags/stock_price_prediction_dag.py
[2024-11-22T15:48:33.313+0000] {processor.py:840} INFO - DAG(s) 'stock_price_prediction' retrieved from /opt/airflow/dags/stock_price_prediction_dag.py
[2024-11-22T15:48:33.357+0000] {logging_mixin.py:188} INFO - [2024-11-22T15:48:33.357+0000] {dag.py:3096} INFO - Sync 1 DAGs
[2024-11-22T15:48:33.379+0000] {logging_mixin.py:188} INFO - [2024-11-22T15:48:33.379+0000] {dag.py:3954} INFO - Setting next_dagrun for stock_price_prediction to 2024-11-21 00:00:00+00:00, run_after=2024-11-22 00:00:00+00:00
[2024-11-22T15:48:33.398+0000] {processor.py:183} INFO - Processing /opt/airflow/dags/stock_price_prediction_dag.py took 0.114 seconds
[2024-11-22T15:49:03.462+0000] {processor.py:161} INFO - Started process (PID=225) to work on /opt/airflow/dags/stock_price_prediction_dag.py
[2024-11-22T15:49:03.463+0000] {processor.py:830} INFO - Processing file /opt/airflow/dags/stock_price_prediction_dag.py for tasks to queue
[2024-11-22T15:49:03.465+0000] {logging_mixin.py:188} INFO - [2024-11-22T15:49:03.465+0000] {dagbag.py:545} INFO - Filling up the DagBag from /opt/airflow/dags/stock_price_prediction_dag.py
[2024-11-22T15:49:03.487+0000] {processor.py:840} INFO - DAG(s) 'stock_price_prediction' retrieved from /opt/airflow/dags/stock_price_prediction_dag.py
[2024-11-22T15:49:03.512+0000] {logging_mixin.py:188} INFO - [2024-11-22T15:49:03.512+0000] {dag.py:3096} INFO - Sync 1 DAGs
[2024-11-22T15:49:03.534+0000] {logging_mixin.py:188} INFO - [2024-11-22T15:49:03.534+0000] {dag.py:3954} INFO - Setting next_dagrun for stock_price_prediction to 2024-11-21 00:00:00+00:00, run_after=2024-11-22 00:00:00+00:00
[2024-11-22T15:49:03.555+0000] {processor.py:183} INFO - Processing /opt/airflow/dags/stock_price_prediction_dag.py took 0.098 seconds
[2024-11-22T15:49:33.689+0000] {processor.py:161} INFO - Started process (PID=238) to work on /opt/airflow/dags/stock_price_prediction_dag.py
[2024-11-22T15:49:33.690+0000] {processor.py:830} INFO - Processing file /opt/airflow/dags/stock_price_prediction_dag.py for tasks to queue
[2024-11-22T15:49:33.692+0000] {logging_mixin.py:188} INFO - [2024-11-22T15:49:33.692+0000] {dagbag.py:545} INFO - Filling up the DagBag from /opt/airflow/dags/stock_price_prediction_dag.py
[2024-11-22T15:49:33.714+0000] {processor.py:840} INFO - DAG(s) 'stock_price_prediction' retrieved from /opt/airflow/dags/stock_price_prediction_dag.py
[2024-11-22T15:49:33.738+0000] {logging_mixin.py:188} INFO - [2024-11-22T15:49:33.738+0000] {dag.py:3096} INFO - Sync 1 DAGs
[2024-11-22T15:49:33.759+0000] {logging_mixin.py:188} INFO - [2024-11-22T15:49:33.759+0000] {dag.py:3954} INFO - Setting next_dagrun for stock_price_prediction to 2024-11-21 00:00:00+00:00, run_after=2024-11-22 00:00:00+00:00
[2024-11-22T15:49:33.777+0000] {processor.py:183} INFO - Processing /opt/airflow/dags/stock_price_prediction_dag.py took 0.093 seconds
[2024-11-22T15:50:03.883+0000] {processor.py:161} INFO - Started process (PID=250) to work on /opt/airflow/dags/stock_price_prediction_dag.py
[2024-11-22T15:50:03.885+0000] {processor.py:830} INFO - Processing file /opt/airflow/dags/stock_price_prediction_dag.py for tasks to queue
[2024-11-22T15:50:03.886+0000] {logging_mixin.py:188} INFO - [2024-11-22T15:50:03.886+0000] {dagbag.py:545} INFO - Filling up the DagBag from /opt/airflow/dags/stock_price_prediction_dag.py
[2024-11-22T15:50:03.907+0000] {processor.py:840} INFO - DAG(s) 'stock_price_prediction' retrieved from /opt/airflow/dags/stock_price_prediction_dag.py
[2024-11-22T15:50:03.930+0000] {logging_mixin.py:188} INFO - [2024-11-22T15:50:03.930+0000] {dag.py:3096} INFO - Sync 1 DAGs
[2024-11-22T15:50:03.951+0000] {logging_mixin.py:188} INFO - [2024-11-22T15:50:03.951+0000] {dag.py:3954} INFO - Setting next_dagrun for stock_price_prediction to 2024-11-21 00:00:00+00:00, run_after=2024-11-22 00:00:00+00:00
[2024-11-22T15:50:03.972+0000] {processor.py:183} INFO - Processing /opt/airflow/dags/stock_price_prediction_dag.py took 0.093 seconds
[2024-11-22T15:50:14.956+0000] {processor.py:161} INFO - Started process (PID=255) to work on /opt/airflow/dags/stock_price_prediction_dag.py
[2024-11-22T15:50:14.957+0000] {processor.py:830} INFO - Processing file /opt/airflow/dags/stock_price_prediction_dag.py for tasks to queue
[2024-11-22T15:50:14.958+0000] {logging_mixin.py:188} INFO - [2024-11-22T15:50:14.958+0000] {dagbag.py:545} INFO - Filling up the DagBag from /opt/airflow/dags/stock_price_prediction_dag.py
[2024-11-22T15:50:14.986+0000] {processor.py:840} INFO - DAG(s) 'stock_price_prediction' retrieved from /opt/airflow/dags/stock_price_prediction_dag.py
[2024-11-22T15:50:15.120+0000] {logging_mixin.py:188} INFO - [2024-11-22T15:50:15.120+0000] {dag.py:3096} INFO - Sync 1 DAGs
[2024-11-22T15:50:15.140+0000] {logging_mixin.py:188} INFO - [2024-11-22T15:50:15.140+0000] {dag.py:3954} INFO - Setting next_dagrun for stock_price_prediction to 2024-11-21 00:00:00+00:00, run_after=2024-11-22 00:00:00+00:00
[2024-11-22T15:50:15.162+0000] {processor.py:183} INFO - Processing /opt/airflow/dags/stock_price_prediction_dag.py took 0.211 seconds
[2024-11-22T15:50:45.313+0000] {processor.py:161} INFO - Started process (PID=267) to work on /opt/airflow/dags/stock_price_prediction_dag.py
[2024-11-22T15:50:45.314+0000] {processor.py:830} INFO - Processing file /opt/airflow/dags/stock_price_prediction_dag.py for tasks to queue
[2024-11-22T15:50:45.315+0000] {logging_mixin.py:188} INFO - [2024-11-22T15:50:45.315+0000] {dagbag.py:545} INFO - Filling up the DagBag from /opt/airflow/dags/stock_price_prediction_dag.py
[2024-11-22T15:50:45.337+0000] {processor.py:840} INFO - DAG(s) 'stock_price_prediction' retrieved from /opt/airflow/dags/stock_price_prediction_dag.py
[2024-11-22T15:50:45.360+0000] {logging_mixin.py:188} INFO - [2024-11-22T15:50:45.360+0000] {dag.py:3096} INFO - Sync 1 DAGs
[2024-11-22T15:50:45.379+0000] {logging_mixin.py:188} INFO - [2024-11-22T15:50:45.379+0000] {dag.py:3954} INFO - Setting next_dagrun for stock_price_prediction to 2024-11-21 00:00:00+00:00, run_after=2024-11-22 00:00:00+00:00
[2024-11-22T15:50:45.397+0000] {processor.py:183} INFO - Processing /opt/airflow/dags/stock_price_prediction_dag.py took 0.089 seconds
[2024-11-22T15:51:15.455+0000] {processor.py:161} INFO - Started process (PID=279) to work on /opt/airflow/dags/stock_price_prediction_dag.py
[2024-11-22T15:51:15.456+0000] {processor.py:830} INFO - Processing file /opt/airflow/dags/stock_price_prediction_dag.py for tasks to queue
[2024-11-22T15:51:15.458+0000] {logging_mixin.py:188} INFO - [2024-11-22T15:51:15.458+0000] {dagbag.py:545} INFO - Filling up the DagBag from /opt/airflow/dags/stock_price_prediction_dag.py
[2024-11-22T15:51:15.478+0000] {processor.py:840} INFO - DAG(s) 'stock_price_prediction' retrieved from /opt/airflow/dags/stock_price_prediction_dag.py
[2024-11-22T15:51:15.502+0000] {logging_mixin.py:188} INFO - [2024-11-22T15:51:15.502+0000] {dag.py:3096} INFO - Sync 1 DAGs
[2024-11-22T15:51:15.522+0000] {logging_mixin.py:188} INFO - [2024-11-22T15:51:15.522+0000] {dag.py:3954} INFO - Setting next_dagrun for stock_price_prediction to 2024-11-21 00:00:00+00:00, run_after=2024-11-22 00:00:00+00:00
[2024-11-22T15:51:15.540+0000] {processor.py:183} INFO - Processing /opt/airflow/dags/stock_price_prediction_dag.py took 0.089 seconds
[2024-11-22T15:51:45.693+0000] {processor.py:161} INFO - Started process (PID=295) to work on /opt/airflow/dags/stock_price_prediction_dag.py
[2024-11-22T15:51:45.694+0000] {processor.py:830} INFO - Processing file /opt/airflow/dags/stock_price_prediction_dag.py for tasks to queue
[2024-11-22T15:51:45.696+0000] {logging_mixin.py:188} INFO - [2024-11-22T15:51:45.696+0000] {dagbag.py:545} INFO - Filling up the DagBag from /opt/airflow/dags/stock_price_prediction_dag.py
[2024-11-22T15:51:45.716+0000] {processor.py:840} INFO - DAG(s) 'stock_price_prediction' retrieved from /opt/airflow/dags/stock_price_prediction_dag.py
[2024-11-22T15:51:45.740+0000] {logging_mixin.py:188} INFO - [2024-11-22T15:51:45.740+0000] {dag.py:3096} INFO - Sync 1 DAGs
[2024-11-22T15:51:45.760+0000] {logging_mixin.py:188} INFO - [2024-11-22T15:51:45.760+0000] {dag.py:3954} INFO - Setting next_dagrun for stock_price_prediction to 2024-11-22 00:00:00+00:00, run_after=2024-11-23 00:00:00+00:00
[2024-11-22T15:51:45.778+0000] {processor.py:183} INFO - Processing /opt/airflow/dags/stock_price_prediction_dag.py took 0.090 seconds
[2024-11-22T15:52:15.852+0000] {processor.py:161} INFO - Started process (PID=307) to work on /opt/airflow/dags/stock_price_prediction_dag.py
[2024-11-22T15:52:15.853+0000] {processor.py:830} INFO - Processing file /opt/airflow/dags/stock_price_prediction_dag.py for tasks to queue
[2024-11-22T15:52:15.855+0000] {logging_mixin.py:188} INFO - [2024-11-22T15:52:15.855+0000] {dagbag.py:545} INFO - Filling up the DagBag from /opt/airflow/dags/stock_price_prediction_dag.py
[2024-11-22T15:52:15.875+0000] {processor.py:840} INFO - DAG(s) 'stock_price_prediction' retrieved from /opt/airflow/dags/stock_price_prediction_dag.py
[2024-11-22T15:52:15.898+0000] {logging_mixin.py:188} INFO - [2024-11-22T15:52:15.898+0000] {dag.py:3096} INFO - Sync 1 DAGs
[2024-11-22T15:52:15.918+0000] {logging_mixin.py:188} INFO - [2024-11-22T15:52:15.918+0000] {dag.py:3954} INFO - Setting next_dagrun for stock_price_prediction to 2024-11-22 00:00:00+00:00, run_after=2024-11-23 00:00:00+00:00
[2024-11-22T15:52:15.935+0000] {processor.py:183} INFO - Processing /opt/airflow/dags/stock_price_prediction_dag.py took 0.088 seconds
[2024-11-22T15:52:46.077+0000] {processor.py:161} INFO - Started process (PID=319) to work on /opt/airflow/dags/stock_price_prediction_dag.py
[2024-11-22T15:52:46.078+0000] {processor.py:830} INFO - Processing file /opt/airflow/dags/stock_price_prediction_dag.py for tasks to queue
[2024-11-22T15:52:46.079+0000] {logging_mixin.py:188} INFO - [2024-11-22T15:52:46.079+0000] {dagbag.py:545} INFO - Filling up the DagBag from /opt/airflow/dags/stock_price_prediction_dag.py
[2024-11-22T15:52:46.099+0000] {processor.py:840} INFO - DAG(s) 'stock_price_prediction' retrieved from /opt/airflow/dags/stock_price_prediction_dag.py
[2024-11-22T15:52:46.127+0000] {logging_mixin.py:188} INFO - [2024-11-22T15:52:46.127+0000] {dag.py:3096} INFO - Sync 1 DAGs
[2024-11-22T15:52:46.154+0000] {logging_mixin.py:188} INFO - [2024-11-22T15:52:46.154+0000] {dag.py:3954} INFO - Setting next_dagrun for stock_price_prediction to 2024-11-22 00:00:00+00:00, run_after=2024-11-23 00:00:00+00:00
[2024-11-22T15:52:46.176+0000] {processor.py:183} INFO - Processing /opt/airflow/dags/stock_price_prediction_dag.py took 0.105 seconds
[2024-11-22T15:53:16.235+0000] {processor.py:161} INFO - Started process (PID=331) to work on /opt/airflow/dags/stock_price_prediction_dag.py
[2024-11-22T15:53:16.236+0000] {processor.py:830} INFO - Processing file /opt/airflow/dags/stock_price_prediction_dag.py for tasks to queue
[2024-11-22T15:53:16.238+0000] {logging_mixin.py:188} INFO - [2024-11-22T15:53:16.237+0000] {dagbag.py:545} INFO - Filling up the DagBag from /opt/airflow/dags/stock_price_prediction_dag.py
[2024-11-22T15:53:16.259+0000] {processor.py:840} INFO - DAG(s) 'stock_price_prediction' retrieved from /opt/airflow/dags/stock_price_prediction_dag.py
[2024-11-22T15:53:16.286+0000] {logging_mixin.py:188} INFO - [2024-11-22T15:53:16.286+0000] {dag.py:3096} INFO - Sync 1 DAGs
[2024-11-22T15:53:16.312+0000] {logging_mixin.py:188} INFO - [2024-11-22T15:53:16.312+0000] {dag.py:3954} INFO - Setting next_dagrun for stock_price_prediction to 2024-11-22 00:00:00+00:00, run_after=2024-11-23 00:00:00+00:00
[2024-11-22T15:53:16.333+0000] {processor.py:183} INFO - Processing /opt/airflow/dags/stock_price_prediction_dag.py took 0.103 seconds
[2024-11-22T15:53:46.510+0000] {processor.py:161} INFO - Started process (PID=343) to work on /opt/airflow/dags/stock_price_prediction_dag.py
[2024-11-22T15:53:46.511+0000] {processor.py:830} INFO - Processing file /opt/airflow/dags/stock_price_prediction_dag.py for tasks to queue
[2024-11-22T15:53:46.513+0000] {logging_mixin.py:188} INFO - [2024-11-22T15:53:46.513+0000] {dagbag.py:545} INFO - Filling up the DagBag from /opt/airflow/dags/stock_price_prediction_dag.py
[2024-11-22T15:53:46.535+0000] {processor.py:840} INFO - DAG(s) 'stock_price_prediction' retrieved from /opt/airflow/dags/stock_price_prediction_dag.py
[2024-11-22T15:53:46.564+0000] {logging_mixin.py:188} INFO - [2024-11-22T15:53:46.563+0000] {dag.py:3096} INFO - Sync 1 DAGs
[2024-11-22T15:53:46.592+0000] {logging_mixin.py:188} INFO - [2024-11-22T15:53:46.591+0000] {dag.py:3954} INFO - Setting next_dagrun for stock_price_prediction to 2024-11-22 00:00:00+00:00, run_after=2024-11-23 00:00:00+00:00
[2024-11-22T15:53:46.614+0000] {processor.py:183} INFO - Processing /opt/airflow/dags/stock_price_prediction_dag.py took 0.109 seconds
[2024-11-22T15:54:16.660+0000] {processor.py:161} INFO - Started process (PID=355) to work on /opt/airflow/dags/stock_price_prediction_dag.py
[2024-11-22T15:54:16.661+0000] {processor.py:830} INFO - Processing file /opt/airflow/dags/stock_price_prediction_dag.py for tasks to queue
[2024-11-22T15:54:16.662+0000] {logging_mixin.py:188} INFO - [2024-11-22T15:54:16.662+0000] {dagbag.py:545} INFO - Filling up the DagBag from /opt/airflow/dags/stock_price_prediction_dag.py
[2024-11-22T15:54:16.683+0000] {processor.py:840} INFO - DAG(s) 'stock_price_prediction' retrieved from /opt/airflow/dags/stock_price_prediction_dag.py
[2024-11-22T15:54:16.798+0000] {logging_mixin.py:188} INFO - [2024-11-22T15:54:16.798+0000] {dag.py:3096} INFO - Sync 1 DAGs
[2024-11-22T15:54:16.809+0000] {logging_mixin.py:188} INFO - [2024-11-22T15:54:16.808+0000] {dag.py:3118} INFO - Creating ORM DAG for stock_price_prediction
[2024-11-22T15:54:16.820+0000] {logging_mixin.py:188} INFO - [2024-11-22T15:54:16.820+0000] {dag.py:3954} INFO - Setting next_dagrun for stock_price_prediction to 2024-11-21 00:00:00+00:00, run_after=2024-11-22 00:00:00+00:00
[2024-11-22T15:54:16.838+0000] {processor.py:183} INFO - Processing /opt/airflow/dags/stock_price_prediction_dag.py took 0.184 seconds
[2024-11-22T15:54:46.923+0000] {processor.py:161} INFO - Started process (PID=367) to work on /opt/airflow/dags/stock_price_prediction_dag.py
[2024-11-22T15:54:46.925+0000] {processor.py:830} INFO - Processing file /opt/airflow/dags/stock_price_prediction_dag.py for tasks to queue
[2024-11-22T15:54:46.926+0000] {logging_mixin.py:188} INFO - [2024-11-22T15:54:46.926+0000] {dagbag.py:545} INFO - Filling up the DagBag from /opt/airflow/dags/stock_price_prediction_dag.py
[2024-11-22T15:54:46.952+0000] {processor.py:840} INFO - DAG(s) 'stock_price_prediction' retrieved from /opt/airflow/dags/stock_price_prediction_dag.py
[2024-11-22T15:54:46.984+0000] {logging_mixin.py:188} INFO - [2024-11-22T15:54:46.984+0000] {dag.py:3096} INFO - Sync 1 DAGs
[2024-11-22T15:54:47.012+0000] {logging_mixin.py:188} INFO - [2024-11-22T15:54:47.011+0000] {dag.py:3954} INFO - Setting next_dagrun for stock_price_prediction to 2024-11-21 00:00:00+00:00, run_after=2024-11-22 00:00:00+00:00
[2024-11-22T15:54:47.036+0000] {processor.py:183} INFO - Processing /opt/airflow/dags/stock_price_prediction_dag.py took 0.119 seconds
[2024-11-22T15:55:17.130+0000] {processor.py:161} INFO - Started process (PID=379) to work on /opt/airflow/dags/stock_price_prediction_dag.py
[2024-11-22T15:55:17.131+0000] {processor.py:830} INFO - Processing file /opt/airflow/dags/stock_price_prediction_dag.py for tasks to queue
[2024-11-22T15:55:17.133+0000] {logging_mixin.py:188} INFO - [2024-11-22T15:55:17.132+0000] {dagbag.py:545} INFO - Filling up the DagBag from /opt/airflow/dags/stock_price_prediction_dag.py
[2024-11-22T15:55:17.155+0000] {processor.py:840} INFO - DAG(s) 'stock_price_prediction' retrieved from /opt/airflow/dags/stock_price_prediction_dag.py
[2024-11-22T15:55:17.179+0000] {logging_mixin.py:188} INFO - [2024-11-22T15:55:17.179+0000] {dag.py:3096} INFO - Sync 1 DAGs
[2024-11-22T15:55:17.200+0000] {logging_mixin.py:188} INFO - [2024-11-22T15:55:17.200+0000] {dag.py:3954} INFO - Setting next_dagrun for stock_price_prediction to 2024-11-21 00:00:00+00:00, run_after=2024-11-22 00:00:00+00:00
[2024-11-22T15:55:17.219+0000] {processor.py:183} INFO - Processing /opt/airflow/dags/stock_price_prediction_dag.py took 0.094 seconds
[2024-11-22T15:55:47.329+0000] {processor.py:161} INFO - Started process (PID=391) to work on /opt/airflow/dags/stock_price_prediction_dag.py
[2024-11-22T15:55:47.330+0000] {processor.py:830} INFO - Processing file /opt/airflow/dags/stock_price_prediction_dag.py for tasks to queue
[2024-11-22T15:55:47.332+0000] {logging_mixin.py:188} INFO - [2024-11-22T15:55:47.331+0000] {dagbag.py:545} INFO - Filling up the DagBag from /opt/airflow/dags/stock_price_prediction_dag.py
[2024-11-22T15:55:47.354+0000] {processor.py:840} INFO - DAG(s) 'stock_price_prediction' retrieved from /opt/airflow/dags/stock_price_prediction_dag.py
[2024-11-22T15:55:47.382+0000] {logging_mixin.py:188} INFO - [2024-11-22T15:55:47.382+0000] {dag.py:3096} INFO - Sync 1 DAGs
[2024-11-22T15:55:47.404+0000] {logging_mixin.py:188} INFO - [2024-11-22T15:55:47.404+0000] {dag.py:3954} INFO - Setting next_dagrun for stock_price_prediction to 2024-11-21 00:00:00+00:00, run_after=2024-11-22 00:00:00+00:00
[2024-11-22T15:55:47.426+0000] {processor.py:183} INFO - Processing /opt/airflow/dags/stock_price_prediction_dag.py took 0.102 seconds
[2024-11-22T15:56:17.504+0000] {processor.py:161} INFO - Started process (PID=403) to work on /opt/airflow/dags/stock_price_prediction_dag.py
[2024-11-22T15:56:17.506+0000] {processor.py:830} INFO - Processing file /opt/airflow/dags/stock_price_prediction_dag.py for tasks to queue
[2024-11-22T15:56:17.507+0000] {logging_mixin.py:188} INFO - [2024-11-22T15:56:17.507+0000] {dagbag.py:545} INFO - Filling up the DagBag from /opt/airflow/dags/stock_price_prediction_dag.py
[2024-11-22T15:56:17.529+0000] {processor.py:840} INFO - DAG(s) 'stock_price_prediction' retrieved from /opt/airflow/dags/stock_price_prediction_dag.py
[2024-11-22T15:56:17.555+0000] {logging_mixin.py:188} INFO - [2024-11-22T15:56:17.555+0000] {dag.py:3096} INFO - Sync 1 DAGs
[2024-11-22T15:56:17.576+0000] {logging_mixin.py:188} INFO - [2024-11-22T15:56:17.576+0000] {dag.py:3954} INFO - Setting next_dagrun for stock_price_prediction to 2024-11-21 00:00:00+00:00, run_after=2024-11-22 00:00:00+00:00
[2024-11-22T15:56:17.594+0000] {processor.py:183} INFO - Processing /opt/airflow/dags/stock_price_prediction_dag.py took 0.095 seconds
[2024-11-22T15:56:47.725+0000] {processor.py:161} INFO - Started process (PID=415) to work on /opt/airflow/dags/stock_price_prediction_dag.py
[2024-11-22T15:56:47.726+0000] {processor.py:830} INFO - Processing file /opt/airflow/dags/stock_price_prediction_dag.py for tasks to queue
[2024-11-22T15:56:47.728+0000] {logging_mixin.py:188} INFO - [2024-11-22T15:56:47.727+0000] {dagbag.py:545} INFO - Filling up the DagBag from /opt/airflow/dags/stock_price_prediction_dag.py
[2024-11-22T15:56:47.749+0000] {processor.py:840} INFO - DAG(s) 'stock_price_prediction' retrieved from /opt/airflow/dags/stock_price_prediction_dag.py
[2024-11-22T15:56:47.774+0000] {logging_mixin.py:188} INFO - [2024-11-22T15:56:47.774+0000] {dag.py:3096} INFO - Sync 1 DAGs
[2024-11-22T15:56:47.795+0000] {logging_mixin.py:188} INFO - [2024-11-22T15:56:47.795+0000] {dag.py:3954} INFO - Setting next_dagrun for stock_price_prediction to 2024-11-21 00:00:00+00:00, run_after=2024-11-22 00:00:00+00:00
[2024-11-22T15:56:47.812+0000] {processor.py:183} INFO - Processing /opt/airflow/dags/stock_price_prediction_dag.py took 0.092 seconds
[2024-11-22T15:57:17.883+0000] {processor.py:161} INFO - Started process (PID=427) to work on /opt/airflow/dags/stock_price_prediction_dag.py
[2024-11-22T15:57:17.884+0000] {processor.py:830} INFO - Processing file /opt/airflow/dags/stock_price_prediction_dag.py for tasks to queue
[2024-11-22T15:57:17.886+0000] {logging_mixin.py:188} INFO - [2024-11-22T15:57:17.886+0000] {dagbag.py:545} INFO - Filling up the DagBag from /opt/airflow/dags/stock_price_prediction_dag.py
[2024-11-22T15:57:17.906+0000] {processor.py:840} INFO - DAG(s) 'stock_price_prediction' retrieved from /opt/airflow/dags/stock_price_prediction_dag.py
[2024-11-22T15:57:17.932+0000] {logging_mixin.py:188} INFO - [2024-11-22T15:57:17.931+0000] {dag.py:3096} INFO - Sync 1 DAGs
[2024-11-22T15:57:17.953+0000] {logging_mixin.py:188} INFO - [2024-11-22T15:57:17.953+0000] {dag.py:3954} INFO - Setting next_dagrun for stock_price_prediction to 2024-11-21 00:00:00+00:00, run_after=2024-11-22 00:00:00+00:00
[2024-11-22T15:57:17.973+0000] {processor.py:183} INFO - Processing /opt/airflow/dags/stock_price_prediction_dag.py took 0.094 seconds
[2024-11-22T15:57:46.130+0000] {processor.py:161} INFO - Started process (PID=439) to work on /opt/airflow/dags/stock_price_prediction_dag.py
[2024-11-22T15:57:46.131+0000] {processor.py:830} INFO - Processing file /opt/airflow/dags/stock_price_prediction_dag.py for tasks to queue
[2024-11-22T15:57:46.133+0000] {logging_mixin.py:188} INFO - [2024-11-22T15:57:46.133+0000] {dagbag.py:545} INFO - Filling up the DagBag from /opt/airflow/dags/stock_price_prediction_dag.py
[2024-11-22T15:57:46.160+0000] {processor.py:840} INFO - DAG(s) 'stock_price_prediction' retrieved from /opt/airflow/dags/stock_price_prediction_dag.py
[2024-11-22T15:57:46.186+0000] {logging_mixin.py:188} INFO - [2024-11-22T15:57:46.186+0000] {dag.py:3096} INFO - Sync 1 DAGs
[2024-11-22T15:57:46.209+0000] {logging_mixin.py:188} INFO - [2024-11-22T15:57:46.209+0000] {dag.py:3954} INFO - Setting next_dagrun for stock_price_prediction to 2024-11-21 00:00:00+00:00, run_after=2024-11-22 00:00:00+00:00
[2024-11-22T15:57:46.234+0000] {processor.py:183} INFO - Processing /opt/airflow/dags/stock_price_prediction_dag.py took 0.109 seconds
[2024-11-22T15:58:16.282+0000] {processor.py:161} INFO - Started process (PID=451) to work on /opt/airflow/dags/stock_price_prediction_dag.py
[2024-11-22T15:58:16.283+0000] {processor.py:830} INFO - Processing file /opt/airflow/dags/stock_price_prediction_dag.py for tasks to queue
[2024-11-22T15:58:16.285+0000] {logging_mixin.py:188} INFO - [2024-11-22T15:58:16.285+0000] {dagbag.py:545} INFO - Filling up the DagBag from /opt/airflow/dags/stock_price_prediction_dag.py
[2024-11-22T15:58:16.308+0000] {processor.py:840} INFO - DAG(s) 'stock_price_prediction' retrieved from /opt/airflow/dags/stock_price_prediction_dag.py
[2024-11-22T15:58:16.336+0000] {logging_mixin.py:188} INFO - [2024-11-22T15:58:16.335+0000] {dag.py:3096} INFO - Sync 1 DAGs
[2024-11-22T15:58:16.359+0000] {logging_mixin.py:188} INFO - [2024-11-22T15:58:16.359+0000] {dag.py:3954} INFO - Setting next_dagrun for stock_price_prediction to 2024-11-21 00:00:00+00:00, run_after=2024-11-22 00:00:00+00:00
[2024-11-22T15:58:16.379+0000] {processor.py:183} INFO - Processing /opt/airflow/dags/stock_price_prediction_dag.py took 0.103 seconds
[2024-11-22T15:58:46.552+0000] {processor.py:161} INFO - Started process (PID=463) to work on /opt/airflow/dags/stock_price_prediction_dag.py
[2024-11-22T15:58:46.553+0000] {processor.py:830} INFO - Processing file /opt/airflow/dags/stock_price_prediction_dag.py for tasks to queue
[2024-11-22T15:58:46.554+0000] {logging_mixin.py:188} INFO - [2024-11-22T15:58:46.554+0000] {dagbag.py:545} INFO - Filling up the DagBag from /opt/airflow/dags/stock_price_prediction_dag.py
[2024-11-22T15:58:46.575+0000] {processor.py:840} INFO - DAG(s) 'stock_price_prediction' retrieved from /opt/airflow/dags/stock_price_prediction_dag.py
[2024-11-22T15:58:46.600+0000] {logging_mixin.py:188} INFO - [2024-11-22T15:58:46.600+0000] {dag.py:3096} INFO - Sync 1 DAGs
[2024-11-22T15:58:46.621+0000] {logging_mixin.py:188} INFO - [2024-11-22T15:58:46.621+0000] {dag.py:3954} INFO - Setting next_dagrun for stock_price_prediction to 2024-11-21 00:00:00+00:00, run_after=2024-11-22 00:00:00+00:00
[2024-11-22T15:58:46.639+0000] {processor.py:183} INFO - Processing /opt/airflow/dags/stock_price_prediction_dag.py took 0.092 seconds
[2024-11-22T15:59:16.709+0000] {processor.py:161} INFO - Started process (PID=475) to work on /opt/airflow/dags/stock_price_prediction_dag.py
[2024-11-22T15:59:16.710+0000] {processor.py:830} INFO - Processing file /opt/airflow/dags/stock_price_prediction_dag.py for tasks to queue
[2024-11-22T15:59:16.712+0000] {logging_mixin.py:188} INFO - [2024-11-22T15:59:16.711+0000] {dagbag.py:545} INFO - Filling up the DagBag from /opt/airflow/dags/stock_price_prediction_dag.py
[2024-11-22T15:59:16.735+0000] {processor.py:840} INFO - DAG(s) 'stock_price_prediction' retrieved from /opt/airflow/dags/stock_price_prediction_dag.py
[2024-11-22T15:59:16.760+0000] {logging_mixin.py:188} INFO - [2024-11-22T15:59:16.759+0000] {dag.py:3096} INFO - Sync 1 DAGs
[2024-11-22T15:59:16.781+0000] {logging_mixin.py:188} INFO - [2024-11-22T15:59:16.780+0000] {dag.py:3954} INFO - Setting next_dagrun for stock_price_prediction to 2024-11-21 00:00:00+00:00, run_after=2024-11-22 00:00:00+00:00
[2024-11-22T15:59:16.799+0000] {processor.py:183} INFO - Processing /opt/airflow/dags/stock_price_prediction_dag.py took 0.095 seconds
[2024-11-22T15:59:46.929+0000] {processor.py:161} INFO - Started process (PID=487) to work on /opt/airflow/dags/stock_price_prediction_dag.py
[2024-11-22T15:59:46.930+0000] {processor.py:830} INFO - Processing file /opt/airflow/dags/stock_price_prediction_dag.py for tasks to queue
[2024-11-22T15:59:46.931+0000] {logging_mixin.py:188} INFO - [2024-11-22T15:59:46.931+0000] {dagbag.py:545} INFO - Filling up the DagBag from /opt/airflow/dags/stock_price_prediction_dag.py
[2024-11-22T15:59:46.950+0000] {processor.py:840} INFO - DAG(s) 'stock_price_prediction' retrieved from /opt/airflow/dags/stock_price_prediction_dag.py
[2024-11-22T15:59:46.974+0000] {logging_mixin.py:188} INFO - [2024-11-22T15:59:46.974+0000] {dag.py:3096} INFO - Sync 1 DAGs
[2024-11-22T15:59:46.994+0000] {logging_mixin.py:188} INFO - [2024-11-22T15:59:46.994+0000] {dag.py:3954} INFO - Setting next_dagrun for stock_price_prediction to 2024-11-21 00:00:00+00:00, run_after=2024-11-22 00:00:00+00:00
[2024-11-22T15:59:47.011+0000] {processor.py:183} INFO - Processing /opt/airflow/dags/stock_price_prediction_dag.py took 0.087 seconds
[2024-11-22T16:00:17.110+0000] {processor.py:161} INFO - Started process (PID=499) to work on /opt/airflow/dags/stock_price_prediction_dag.py
[2024-11-22T16:00:17.111+0000] {processor.py:830} INFO - Processing file /opt/airflow/dags/stock_price_prediction_dag.py for tasks to queue
[2024-11-22T16:00:17.113+0000] {logging_mixin.py:188} INFO - [2024-11-22T16:00:17.113+0000] {dagbag.py:545} INFO - Filling up the DagBag from /opt/airflow/dags/stock_price_prediction_dag.py
[2024-11-22T16:00:17.133+0000] {processor.py:840} INFO - DAG(s) 'stock_price_prediction' retrieved from /opt/airflow/dags/stock_price_prediction_dag.py
[2024-11-22T16:00:17.161+0000] {logging_mixin.py:188} INFO - [2024-11-22T16:00:17.160+0000] {dag.py:3096} INFO - Sync 1 DAGs
[2024-11-22T16:00:17.194+0000] {logging_mixin.py:188} INFO - [2024-11-22T16:00:17.194+0000] {dag.py:3954} INFO - Setting next_dagrun for stock_price_prediction to 2024-11-21 00:00:00+00:00, run_after=2024-11-22 00:00:00+00:00
[2024-11-22T16:00:17.219+0000] {processor.py:183} INFO - Processing /opt/airflow/dags/stock_price_prediction_dag.py took 0.115 seconds
[2024-11-22T16:14:04.213+0000] {processor.py:161} INFO - Started process (PID=342) to work on /opt/airflow/dags/stock_price_prediction_dag.py
[2024-11-22T16:14:04.215+0000] {processor.py:830} INFO - Processing file /opt/airflow/dags/stock_price_prediction_dag.py for tasks to queue
[2024-11-22T16:14:04.216+0000] {logging_mixin.py:188} INFO - [2024-11-22T16:14:04.216+0000] {dagbag.py:545} INFO - Filling up the DagBag from /opt/airflow/dags/stock_price_prediction_dag.py
[2024-11-22T16:14:04.242+0000] {processor.py:840} INFO - DAG(s) 'stock_price_prediction' retrieved from /opt/airflow/dags/stock_price_prediction_dag.py
[2024-11-22T16:14:04.466+0000] {logging_mixin.py:188} INFO - [2024-11-22T16:14:04.465+0000] {dag.py:3096} INFO - Sync 1 DAGs
[2024-11-22T16:14:04.487+0000] {logging_mixin.py:188} INFO - [2024-11-22T16:14:04.487+0000] {dag.py:3954} INFO - Setting next_dagrun for stock_price_prediction to 2024-11-21 00:00:00+00:00, run_after=2024-11-22 00:00:00+00:00
[2024-11-22T16:14:04.509+0000] {processor.py:183} INFO - Processing /opt/airflow/dags/stock_price_prediction_dag.py took 0.301 seconds
[2024-11-22T16:14:34.689+0000] {processor.py:161} INFO - Started process (PID=354) to work on /opt/airflow/dags/stock_price_prediction_dag.py
[2024-11-22T16:14:34.690+0000] {processor.py:830} INFO - Processing file /opt/airflow/dags/stock_price_prediction_dag.py for tasks to queue
[2024-11-22T16:14:34.692+0000] {logging_mixin.py:188} INFO - [2024-11-22T16:14:34.692+0000] {dagbag.py:545} INFO - Filling up the DagBag from /opt/airflow/dags/stock_price_prediction_dag.py
[2024-11-22T16:14:34.719+0000] {processor.py:840} INFO - DAG(s) 'stock_price_prediction' retrieved from /opt/airflow/dags/stock_price_prediction_dag.py
[2024-11-22T16:14:34.751+0000] {logging_mixin.py:188} INFO - [2024-11-22T16:14:34.751+0000] {dag.py:3096} INFO - Sync 1 DAGs
[2024-11-22T16:14:34.782+0000] {logging_mixin.py:188} INFO - [2024-11-22T16:14:34.782+0000] {dag.py:3954} INFO - Setting next_dagrun for stock_price_prediction to 2024-11-21 00:00:00+00:00, run_after=2024-11-22 00:00:00+00:00
[2024-11-22T16:14:34.804+0000] {processor.py:183} INFO - Processing /opt/airflow/dags/stock_price_prediction_dag.py took 0.122 seconds
[2024-11-22T16:15:04.856+0000] {processor.py:161} INFO - Started process (PID=366) to work on /opt/airflow/dags/stock_price_prediction_dag.py
[2024-11-22T16:15:04.857+0000] {processor.py:830} INFO - Processing file /opt/airflow/dags/stock_price_prediction_dag.py for tasks to queue
[2024-11-22T16:15:04.858+0000] {logging_mixin.py:188} INFO - [2024-11-22T16:15:04.858+0000] {dagbag.py:545} INFO - Filling up the DagBag from /opt/airflow/dags/stock_price_prediction_dag.py
[2024-11-22T16:15:04.884+0000] {processor.py:840} INFO - DAG(s) 'stock_price_prediction' retrieved from /opt/airflow/dags/stock_price_prediction_dag.py
[2024-11-22T16:15:04.921+0000] {logging_mixin.py:188} INFO - [2024-11-22T16:15:04.921+0000] {dag.py:3096} INFO - Sync 1 DAGs
[2024-11-22T16:15:04.944+0000] {logging_mixin.py:188} INFO - [2024-11-22T16:15:04.944+0000] {dag.py:3954} INFO - Setting next_dagrun for stock_price_prediction to 2024-11-21 00:00:00+00:00, run_after=2024-11-22 00:00:00+00:00
[2024-11-22T16:15:04.964+0000] {processor.py:183} INFO - Processing /opt/airflow/dags/stock_price_prediction_dag.py took 0.115 seconds
[2024-11-22T16:15:35.135+0000] {processor.py:161} INFO - Started process (PID=384) to work on /opt/airflow/dags/stock_price_prediction_dag.py
[2024-11-22T16:15:35.136+0000] {processor.py:830} INFO - Processing file /opt/airflow/dags/stock_price_prediction_dag.py for tasks to queue
[2024-11-22T16:15:35.144+0000] {logging_mixin.py:188} INFO - [2024-11-22T16:15:35.141+0000] {dagbag.py:545} INFO - Filling up the DagBag from /opt/airflow/dags/stock_price_prediction_dag.py
[2024-11-22T16:15:35.174+0000] {processor.py:840} INFO - DAG(s) 'stock_price_prediction' retrieved from /opt/airflow/dags/stock_price_prediction_dag.py
[2024-11-22T16:15:35.212+0000] {logging_mixin.py:188} INFO - [2024-11-22T16:15:35.211+0000] {dag.py:3096} INFO - Sync 1 DAGs
[2024-11-22T16:15:35.258+0000] {logging_mixin.py:188} INFO - [2024-11-22T16:15:35.257+0000] {dag.py:3954} INFO - Setting next_dagrun for stock_price_prediction to 2024-11-22 00:00:00+00:00, run_after=2024-11-23 00:00:00+00:00
[2024-11-22T16:15:35.281+0000] {processor.py:183} INFO - Processing /opt/airflow/dags/stock_price_prediction_dag.py took 0.164 seconds
[2024-11-22T16:16:05.444+0000] {processor.py:161} INFO - Started process (PID=396) to work on /opt/airflow/dags/stock_price_prediction_dag.py
[2024-11-22T16:16:05.445+0000] {processor.py:830} INFO - Processing file /opt/airflow/dags/stock_price_prediction_dag.py for tasks to queue
[2024-11-22T16:16:05.447+0000] {logging_mixin.py:188} INFO - [2024-11-22T16:16:05.447+0000] {dagbag.py:545} INFO - Filling up the DagBag from /opt/airflow/dags/stock_price_prediction_dag.py
[2024-11-22T16:16:05.481+0000] {processor.py:840} INFO - DAG(s) 'stock_price_prediction' retrieved from /opt/airflow/dags/stock_price_prediction_dag.py
[2024-11-22T16:16:05.513+0000] {logging_mixin.py:188} INFO - [2024-11-22T16:16:05.513+0000] {dag.py:3096} INFO - Sync 1 DAGs
[2024-11-22T16:16:05.537+0000] {logging_mixin.py:188} INFO - [2024-11-22T16:16:05.537+0000] {dag.py:3954} INFO - Setting next_dagrun for stock_price_prediction to 2024-11-22 00:00:00+00:00, run_after=2024-11-23 00:00:00+00:00
[2024-11-22T16:16:05.557+0000] {processor.py:183} INFO - Processing /opt/airflow/dags/stock_price_prediction_dag.py took 0.121 seconds
